<?xml version="1.0" encoding="UTF-8"?>
<testsuites name="jest tests" tests="1" failures="0" errors="0" time="0.681">
  <testsuite name="500 Error Handler" errors="0" failures="0" skipped="0" timestamp="2023-11-19T19:33:15" time="0.636" tests="1">
    <testcase classname="500 Error Handler should return 500 for a server error" name="500 Error Handler should return 500 for a server error" time="0.01">
    </testcase>
  </testsuite>
</testsuites>