<?xml version="1.0" encoding="UTF-8"?>
<testsuites name="jest tests" tests="7" failures="0" errors="0" time="0.922">
  <testsuite name="500 Error Handler" errors="0" failures="0" skipped="0" timestamp="2023-11-19T20:20:48" time="0.556" tests="1">
    <testcase classname="500 Error Handler should return 500 for a server error" name="500 Error Handler should return 500 for a server error" time="0.013">
    </testcase>
  </testsuite>
  <testsuite name="Server API" errors="0" failures="0" skipped="0" timestamp="2023-11-19T20:20:49" time="0.16" tests="4">
    <testcase classname="Server API Get / responds with status code 200 and message &quot;Hello World!&quot;" name="Server API Get / responds with status code 200 and message &quot;Hello World!&quot;" time="0.004">
    </testcase>
    <testcase classname="Server API Server starts on the correct PORT" name="Server API Server starts on the correct PORT" time="0">
    </testcase>
    <testcase classname="Server API Server logs the startup message" name="Server API Server logs the startup message" time="0">
    </testcase>
    <testcase classname="Server API Fallback to default port if process.env.PORT is not set" name="Server API Fallback to default port if process.env.PORT is not set" time="0">
    </testcase>
  </testsuite>
  <testsuite name="404 Not Found Handler" errors="0" failures="0" skipped="0" timestamp="2023-11-19T20:20:49" time="0.152" tests="2">
    <testcase classname="404 Not Found Handler should return 404 for an unknown GET route" name="404 Not Found Handler should return 404 for an unknown GET route" time="0.004">
    </testcase>
    <testcase classname="404 Not Found Handler should return 404 for an unknown POST route" name="404 Not Found Handler should return 404 for an unknown POST route" time="0.001">
    </testcase>
  </testsuite>
</testsuites>